[0.006s] Invoking command in '/home/rmcolin/ros2_ws/src/calculator_2/build/calculator_2': CMAKE_PREFIX_PATH=${CMAKE_PREFIX_PATH}:/opt/ros/jazzy DEBUGINFOD_URLS=https://debuginfod.ubuntu.com /usr/bin/cmake --build /home/rmcolin/ros2_ws/src/calculator_2/build/calculator_2 -- -j24 -l24
[0.017s] -- Found ament_cmake: 2.5.3 (/opt/ros/jazzy/share/ament_cmake/cmake)
[0.126s] -- Found rclcpp: 28.1.6 (/opt/ros/jazzy/share/rclcpp/cmake)
[0.271s] -- Found rosidl_generator_c: 4.6.5 (/opt/ros/jazzy/share/rosidl_generator_c/cmake)
[0.275s] -- Found rosidl_generator_cpp: 4.6.5 (/opt/ros/jazzy/share/rosidl_generator_cpp/cmake)
[0.281s] -- Using all available rosidl_typesupport_c: rosidl_typesupport_fastrtps_c;rosidl_typesupport_introspection_c
[0.288s] -- Using all available rosidl_typesupport_cpp: rosidl_typesupport_fastrtps_cpp;rosidl_typesupport_introspection_cpp
[0.321s] -- Found rmw_implementation_cmake: 7.3.1 (/opt/ros/jazzy/share/rmw_implementation_cmake/cmake)
[0.322s] -- Found rmw_fastrtps_cpp: 8.4.1 (/opt/ros/jazzy/share/rmw_fastrtps_cpp/cmake)
[0.543s] -- Using RMW implementation 'rmw_fastrtps_cpp' as default
[0.740s] -- Found std_msgs: 5.3.5 (/opt/ros/jazzy/share/std_msgs/cmake)
[0.747s] -- Found ament_lint_auto: 0.17.1 (/opt/ros/jazzy/share/ament_lint_auto/cmake)
[0.808s] -- Added test 'cppcheck' to perform static code analysis on C / C++ code
[0.808s] -- Configured cppcheck include dirs: 
[0.808s] -- Configured cppcheck exclude dirs and/or files: 
[0.810s] -- Added test 'flake8' to check Python code syntax and style conventions
[0.810s] -- Configured 'flake8' exclude dirs and/or files: 
[0.812s] -- Added test 'lint_cmake' to check CMake code style
[0.814s] -- Added test 'pep257' to check Python code against some of the docstring style conventions in PEP 257
[0.825s] -- Added test 'uncrustify' to check C / C++ code style
[0.825s] -- Configured uncrustify additional arguments: 
[0.827s] -- Added test 'xmllint' to check XML markup files
[0.827s] -- Configuring done (0.8s)
[0.833s] -- Generating done (0.0s)
[0.836s] -- Build files have been written to: /home/rmcolin/ros2_ws/src/calculator_2/build/calculator_2
[0.856s] [ 50%] [32mBuilding CXX object CMakeFiles/calculator_publisher.dir/src/calculator_publisher.cpp.o[0m
[0.856s] [ 50%] [32mBuilding CXX object CMakeFiles/calculator_subscriber.dir/src/calculator_subscriber.cpp.o[0m
[3.751s] [ 75%] [32m[1mLinking CXX executable calculator_publisher[0m
[3.952s] [ 75%] Built target calculator_publisher
[6.914s] [100%] [32m[1mLinking CXX executable calculator_subscriber[0m
[7.184s] [100%] Built target calculator_subscriber
[7.188s] Invoked command in '/home/rmcolin/ros2_ws/src/calculator_2/build/calculator_2' returned '0': CMAKE_PREFIX_PATH=${CMAKE_PREFIX_PATH}:/opt/ros/jazzy DEBUGINFOD_URLS=https://debuginfod.ubuntu.com /usr/bin/cmake --build /home/rmcolin/ros2_ws/src/calculator_2/build/calculator_2 -- -j24 -l24
[7.193s] Invoking command in '/home/rmcolin/ros2_ws/src/calculator_2/build/calculator_2': CMAKE_PREFIX_PATH=${CMAKE_PREFIX_PATH}:/opt/ros/jazzy DEBUGINFOD_URLS=https://debuginfod.ubuntu.com /usr/bin/cmake --install /home/rmcolin/ros2_ws/src/calculator_2/build/calculator_2
[7.196s] -- Install configuration: ""
[7.196s] -- Installing: /home/rmcolin/ros2_ws/src/calculator_2/install/calculator_2/lib/calculator_2/calculator_publisher
[7.197s] -- Set non-toolchain portion of runtime path of "/home/rmcolin/ros2_ws/src/calculator_2/install/calculator_2/lib/calculator_2/calculator_publisher" to ""
[7.197s] -- Installing: /home/rmcolin/ros2_ws/src/calculator_2/install/calculator_2/lib/calculator_2/calculator_subscriber
[7.201s] -- Set non-toolchain portion of runtime path of "/home/rmcolin/ros2_ws/src/calculator_2/install/calculator_2/lib/calculator_2/calculator_subscriber" to ""
[7.201s] -- Up-to-date: /home/rmcolin/ros2_ws/src/calculator_2/install/calculator_2/share/calculator_2/launch
[7.201s] -- Up-to-date: /home/rmcolin/ros2_ws/src/calculator_2/install/calculator_2/share/calculator_2/launch/calculator_launch.py
[7.201s] -- Up-to-date: /home/rmcolin/ros2_ws/src/calculator_2/install/calculator_2/share/ament_index/resource_index/package_run_dependencies/calculator_2
[7.202s] -- Installing: /home/rmcolin/ros2_ws/src/calculator_2/install/calculator_2/share/ament_index/resource_index/parent_prefix_path/calculator_2
[7.202s] -- Up-to-date: /home/rmcolin/ros2_ws/src/calculator_2/install/calculator_2/share/calculator_2/environment/ament_prefix_path.sh
[7.202s] -- Up-to-date: /home/rmcolin/ros2_ws/src/calculator_2/install/calculator_2/share/calculator_2/environment/ament_prefix_path.dsv
[7.202s] -- Up-to-date: /home/rmcolin/ros2_ws/src/calculator_2/install/calculator_2/share/calculator_2/environment/path.sh
[7.202s] -- Up-to-date: /home/rmcolin/ros2_ws/src/calculator_2/install/calculator_2/share/calculator_2/environment/path.dsv
[7.202s] -- Up-to-date: /home/rmcolin/ros2_ws/src/calculator_2/install/calculator_2/share/calculator_2/local_setup.bash
[7.202s] -- Up-to-date: /home/rmcolin/ros2_ws/src/calculator_2/install/calculator_2/share/calculator_2/local_setup.sh
[7.202s] -- Up-to-date: /home/rmcolin/ros2_ws/src/calculator_2/install/calculator_2/share/calculator_2/local_setup.zsh
[7.202s] -- Up-to-date: /home/rmcolin/ros2_ws/src/calculator_2/install/calculator_2/share/calculator_2/local_setup.dsv
[7.202s] -- Installing: /home/rmcolin/ros2_ws/src/calculator_2/install/calculator_2/share/calculator_2/package.dsv
[7.203s] -- Up-to-date: /home/rmcolin/ros2_ws/src/calculator_2/install/calculator_2/share/ament_index/resource_index/packages/calculator_2
[7.203s] -- Up-to-date: /home/rmcolin/ros2_ws/src/calculator_2/install/calculator_2/share/calculator_2/cmake/calculator_2Config.cmake
[7.203s] -- Up-to-date: /home/rmcolin/ros2_ws/src/calculator_2/install/calculator_2/share/calculator_2/cmake/calculator_2Config-version.cmake
[7.203s] -- Installing: /home/rmcolin/ros2_ws/src/calculator_2/install/calculator_2/share/calculator_2/package.xml
[7.203s] Invoked command in '/home/rmcolin/ros2_ws/src/calculator_2/build/calculator_2' returned '0': CMAKE_PREFIX_PATH=${CMAKE_PREFIX_PATH}:/opt/ros/jazzy DEBUGINFOD_URLS=https://debuginfod.ubuntu.com /usr/bin/cmake --install /home/rmcolin/ros2_ws/src/calculator_2/build/calculator_2
