[0.008s] Invoking command in '/home/rmcolin/ros2_ws/src/calculator_2/build/calculator_2': CMAKE_PREFIX_PATH=${CMAKE_PREFIX_PATH}:/opt/ros/jazzy DEBUGINFOD_URLS=https://debuginfod.ubuntu.com /usr/bin/cmake --build /home/rmcolin/ros2_ws/src/calculator_2/build/calculator_2 -- -j24 -l24
[0.076s] [ 50%] Built target calculator_subscriber
[0.080s] [100%] Built target calculator_publisher
[0.084s] Invoked command in '/home/rmcolin/ros2_ws/src/calculator_2/build/calculator_2' returned '0': CMAKE_PREFIX_PATH=${CMAKE_PREFIX_PATH}:/opt/ros/jazzy DEBUGINFOD_URLS=https://debuginfod.ubuntu.com /usr/bin/cmake --build /home/rmcolin/ros2_ws/src/calculator_2/build/calculator_2 -- -j24 -l24
[0.089s] Invoking command in '/home/rmcolin/ros2_ws/src/calculator_2/build/calculator_2': CMAKE_PREFIX_PATH=${CMAKE_PREFIX_PATH}:/opt/ros/jazzy DEBUGINFOD_URLS=https://debuginfod.ubuntu.com /usr/bin/cmake --install /home/rmcolin/ros2_ws/src/calculator_2/build/calculator_2
[0.093s] -- Install configuration: ""
[0.094s] -- Up-to-date: /home/rmcolin/ros2_ws/src/calculator_2/install/calculator_2/lib/calculator_2/calculator_publisher
[0.094s] -- Up-to-date: /home/rmcolin/ros2_ws/src/calculator_2/install/calculator_2/lib/calculator_2/calculator_subscriber
[0.095s] -- Up-to-date: /home/rmcolin/ros2_ws/src/calculator_2/install/calculator_2/share/ament_index/resource_index/package_run_dependencies/calculator_2
[0.095s] -- Up-to-date: /home/rmcolin/ros2_ws/src/calculator_2/install/calculator_2/share/ament_index/resource_index/parent_prefix_path/calculator_2
[0.095s] -- Up-to-date: /home/rmcolin/ros2_ws/src/calculator_2/install/calculator_2/share/calculator_2/environment/ament_prefix_path.sh
[0.095s] -- Up-to-date: /home/rmcolin/ros2_ws/src/calculator_2/install/calculator_2/share/calculator_2/environment/ament_prefix_path.dsv
[0.095s] -- Up-to-date: /home/rmcolin/ros2_ws/src/calculator_2/install/calculator_2/share/calculator_2/environment/path.sh
[0.095s] -- Up-to-date: /home/rmcolin/ros2_ws/src/calculator_2/install/calculator_2/share/calculator_2/environment/path.dsv
[0.095s] -- Up-to-date: /home/rmcolin/ros2_ws/src/calculator_2/install/calculator_2/share/calculator_2/local_setup.bash
[0.095s] -- Up-to-date: /home/rmcolin/ros2_ws/src/calculator_2/install/calculator_2/share/calculator_2/local_setup.sh
[0.095s] -- Up-to-date: /home/rmcolin/ros2_ws/src/calculator_2/install/calculator_2/share/calculator_2/local_setup.zsh
[0.095s] -- Up-to-date: /home/rmcolin/ros2_ws/src/calculator_2/install/calculator_2/share/calculator_2/local_setup.dsv
[0.095s] -- Installing: /home/rmcolin/ros2_ws/src/calculator_2/install/calculator_2/share/calculator_2/package.dsv
[0.095s] -- Up-to-date: /home/rmcolin/ros2_ws/src/calculator_2/install/calculator_2/share/ament_index/resource_index/packages/calculator_2
[0.095s] -- Up-to-date: /home/rmcolin/ros2_ws/src/calculator_2/install/calculator_2/share/calculator_2/cmake/calculator_2Config.cmake
[0.095s] -- Up-to-date: /home/rmcolin/ros2_ws/src/calculator_2/install/calculator_2/share/calculator_2/cmake/calculator_2Config-version.cmake
[0.095s] -- Up-to-date: /home/rmcolin/ros2_ws/src/calculator_2/install/calculator_2/share/calculator_2/package.xml
[0.096s] Invoked command in '/home/rmcolin/ros2_ws/src/calculator_2/build/calculator_2' returned '0': CMAKE_PREFIX_PATH=${CMAKE_PREFIX_PATH}:/opt/ros/jazzy DEBUGINFOD_URLS=https://debuginfod.ubuntu.com /usr/bin/cmake --install /home/rmcolin/ros2_ws/src/calculator_2/build/calculator_2
