[0.157s] DEBUG:colcon:Command line arguments: ['/usr/bin/colcon', 'build']
[0.158s] DEBUG:colcon:Parsed command line arguments: Namespace(log_base=None, log_level=None, verb_name='build', build_base='build', install_base='install', merge_install=False, symlink_install=False, test_result_base=None, continue_on_error=False, executor='parallel', parallel_workers=24, event_handlers=None, ignore_user_meta=False, metas=['./colcon.meta'], base_paths=['.'], packages_ignore=None, packages_ignore_regex=None, paths=None, packages_up_to=None, packages_up_to_regex=None, packages_above=None, packages_above_and_dependencies=None, packages_above_depth=None, packages_select_by_dep=None, packages_skip_by_dep=None, packages_skip_up_to=None, packages_select_build_failed=False, packages_skip_build_finished=False, packages_select_test_failures=False, packages_skip_test_passed=False, packages_select=None, packages_skip=None, packages_select_regex=None, packages_skip_regex=None, packages_start=None, packages_end=None, allow_overriding=[], cmake_args=None, cmake_target=None, cmake_target_skip_unavailable=False, cmake_clean_cache=False, cmake_clean_first=False, cmake_force_configure=False, ament_cmake_args=None, catkin_cmake_args=None, catkin_skip_building_tests=False, verb_parser=<colcon_defaults.argument_parser.defaults.DefaultArgumentsDecorator object at 0x7f68398b9400>, verb_extension=<colcon_core.verb.build.BuildVerb object at 0x7f68398b9250>, main=<bound method BuildVerb.main of <colcon_core.verb.build.BuildVerb object at 0x7f68398b9250>>)
[0.177s] Level 1:colcon.colcon_core.package_discovery:discover_packages(colcon_meta) check parameters
[0.177s] Level 1:colcon.colcon_core.package_discovery:discover_packages(recursive) check parameters
[0.177s] Level 1:colcon.colcon_core.package_discovery:discover_packages(ignore) check parameters
[0.177s] Level 1:colcon.colcon_core.package_discovery:discover_packages(path) check parameters
[0.177s] Level 1:colcon.colcon_core.package_discovery:discover_packages(colcon_meta) discover
[0.177s] Level 1:colcon.colcon_core.package_discovery:discover_packages(recursive) discover
[0.177s] INFO:colcon.colcon_core.package_discovery:Crawling recursively for packages in '/home/rmcolin/ros2_ws/src/calculator_2'
[0.177s] Level 1:colcon.colcon_core.package_identification:_identify(.) by extensions ['ignore', 'ignore_ament_install']
[0.177s] Level 1:colcon.colcon_core.package_identification:_identify(.) by extension 'ignore'
[0.177s] Level 1:colcon.colcon_core.package_identification:_identify(.) by extension 'ignore_ament_install'
[0.178s] Level 1:colcon.colcon_core.package_identification:_identify(.) by extensions ['colcon_pkg']
[0.178s] Level 1:colcon.colcon_core.package_identification:_identify(.) by extension 'colcon_pkg'
[0.178s] Level 1:colcon.colcon_core.package_identification:_identify(.) by extensions ['colcon_meta']
[0.178s] Level 1:colcon.colcon_core.package_identification:_identify(.) by extension 'colcon_meta'
[0.178s] Level 1:colcon.colcon_core.package_identification:_identify(.) by extensions ['ros']
[0.178s] Level 1:colcon.colcon_core.package_identification:_identify(.) by extension 'ros'
[0.193s] DEBUG:colcon.colcon_core.package_identification:Package '.' with type 'ros.ament_cmake' and name 'calculator_2'
[0.193s] Level 1:colcon.colcon_core.package_discovery:discover_packages(recursive) using defaults
[0.193s] Level 1:colcon.colcon_core.package_discovery:discover_packages(ignore) discover
[0.193s] Level 1:colcon.colcon_core.package_discovery:discover_packages(ignore) using defaults
[0.193s] Level 1:colcon.colcon_core.package_discovery:discover_packages(path) discover
[0.193s] Level 1:colcon.colcon_core.package_discovery:discover_packages(path) using defaults
[0.202s] Level 1:colcon.colcon_core.package_discovery:discover_packages(prefix_path) check parameters
[0.202s] Level 1:colcon.colcon_core.package_discovery:discover_packages(prefix_path) discover
[0.203s] DEBUG:colcon.colcon_installed_package_information.package_discovery:Found 1 installed packages in /home/rmcolin/ros2_ws/src/calculator_2/install
[0.203s] DEBUG:colcon.colcon_installed_package_information.package_discovery:Found 3 installed packages in /home/rmcolin/ros2_ws/install
[0.204s] DEBUG:colcon.colcon_installed_package_information.package_discovery:Found 285 installed packages in /opt/ros/jazzy
[0.204s] Level 1:colcon.colcon_core.package_discovery:discover_packages(prefix_path) using defaults
[0.223s] Level 5:colcon.colcon_core.verb:set package 'calculator_2' build argument 'cmake_args' from command line to 'None'
[0.223s] Level 5:colcon.colcon_core.verb:set package 'calculator_2' build argument 'cmake_target' from command line to 'None'
[0.223s] Level 5:colcon.colcon_core.verb:set package 'calculator_2' build argument 'cmake_target_skip_unavailable' from command line to 'False'
[0.223s] Level 5:colcon.colcon_core.verb:set package 'calculator_2' build argument 'cmake_clean_cache' from command line to 'False'
[0.223s] Level 5:colcon.colcon_core.verb:set package 'calculator_2' build argument 'cmake_clean_first' from command line to 'False'
[0.223s] Level 5:colcon.colcon_core.verb:set package 'calculator_2' build argument 'cmake_force_configure' from command line to 'False'
[0.223s] Level 5:colcon.colcon_core.verb:set package 'calculator_2' build argument 'ament_cmake_args' from command line to 'None'
[0.223s] Level 5:colcon.colcon_core.verb:set package 'calculator_2' build argument 'catkin_cmake_args' from command line to 'None'
[0.223s] Level 5:colcon.colcon_core.verb:set package 'calculator_2' build argument 'catkin_skip_building_tests' from command line to 'False'
[0.223s] DEBUG:colcon.colcon_core.verb:Building package 'calculator_2' with the following arguments: {'ament_cmake_args': None, 'build_base': '/home/rmcolin/ros2_ws/src/calculator_2/build/calculator_2', 'catkin_cmake_args': None, 'catkin_skip_building_tests': False, 'cmake_args': None, 'cmake_clean_cache': False, 'cmake_clean_first': False, 'cmake_force_configure': False, 'cmake_target': None, 'cmake_target_skip_unavailable': False, 'install_base': '/home/rmcolin/ros2_ws/src/calculator_2/install/calculator_2', 'merge_install': False, 'path': '/home/rmcolin/ros2_ws/src/calculator_2', 'symlink_install': False, 'test_result_base': None}
[0.223s] INFO:colcon.colcon_core.executor:Executing jobs using 'parallel' executor
[0.224s] DEBUG:colcon.colcon_parallel_executor.executor.parallel:run_until_complete
[0.224s] INFO:colcon.colcon_ros.task.ament_cmake.build:Building ROS package in '/home/rmcolin/ros2_ws/src/calculator_2' with build type 'ament_cmake'
[0.224s] INFO:colcon.colcon_cmake.task.cmake.build:Building CMake package in '/home/rmcolin/ros2_ws/src/calculator_2'
[0.226s] INFO:colcon.colcon_core.plugin_system:Skipping extension 'colcon_core.shell.bat': Not used on non-Windows systems
[0.226s] INFO:colcon.colcon_core.shell:Skip shell extension 'powershell' for command environment: Not usable outside of PowerShell
[0.226s] DEBUG:colcon.colcon_core.shell:Skip shell extension 'dsv' for command environment
[0.233s] DEBUG:colcon.colcon_core.event_handler.log_command:Invoking command in '/home/rmcolin/ros2_ws/src/calculator_2/build/calculator_2': CMAKE_PREFIX_PATH=${CMAKE_PREFIX_PATH}:/opt/ros/jazzy DEBUGINFOD_URLS=https://debuginfod.ubuntu.com /usr/bin/cmake --build /home/rmcolin/ros2_ws/src/calculator_2/build/calculator_2 -- -j24 -l24
[6.820s] DEBUG:colcon.colcon_core.event_handler.log_command:Invoked command in '/home/rmcolin/ros2_ws/src/calculator_2/build/calculator_2' returned '0': CMAKE_PREFIX_PATH=${CMAKE_PREFIX_PATH}:/opt/ros/jazzy DEBUGINFOD_URLS=https://debuginfod.ubuntu.com /usr/bin/cmake --build /home/rmcolin/ros2_ws/src/calculator_2/build/calculator_2 -- -j24 -l24
[6.824s] DEBUG:colcon.colcon_core.event_handler.log_command:Invoking command in '/home/rmcolin/ros2_ws/src/calculator_2/build/calculator_2': CMAKE_PREFIX_PATH=${CMAKE_PREFIX_PATH}:/opt/ros/jazzy DEBUGINFOD_URLS=https://debuginfod.ubuntu.com /usr/bin/cmake --install /home/rmcolin/ros2_ws/src/calculator_2/build/calculator_2
[6.838s] Level 1:colcon.colcon_core.environment:create_environment_scripts_only(calculator_2)
[6.838s] DEBUG:colcon.colcon_core.event_handler.log_command:Invoked command in '/home/rmcolin/ros2_ws/src/calculator_2/build/calculator_2' returned '0': CMAKE_PREFIX_PATH=${CMAKE_PREFIX_PATH}:/opt/ros/jazzy DEBUGINFOD_URLS=https://debuginfod.ubuntu.com /usr/bin/cmake --install /home/rmcolin/ros2_ws/src/calculator_2/build/calculator_2
[6.839s] Level 1:colcon.colcon_core.environment:checking '/home/rmcolin/ros2_ws/src/calculator_2/install/calculator_2' for CMake module files
[6.840s] Level 1:colcon.colcon_core.environment:checking '/home/rmcolin/ros2_ws/src/calculator_2/install/calculator_2' for CMake config files
[6.840s] Level 1:colcon.colcon_core.shell:create_environment_hook('calculator_2', 'cmake_prefix_path')
[6.840s] INFO:colcon.colcon_core.shell:Creating environment hook '/home/rmcolin/ros2_ws/src/calculator_2/install/calculator_2/share/calculator_2/hook/cmake_prefix_path.ps1'
[6.841s] INFO:colcon.colcon_core.shell:Creating environment descriptor '/home/rmcolin/ros2_ws/src/calculator_2/install/calculator_2/share/calculator_2/hook/cmake_prefix_path.dsv'
[6.841s] INFO:colcon.colcon_core.shell:Creating environment hook '/home/rmcolin/ros2_ws/src/calculator_2/install/calculator_2/share/calculator_2/hook/cmake_prefix_path.sh'
[6.842s] Level 1:colcon.colcon_core.environment:checking '/home/rmcolin/ros2_ws/src/calculator_2/install/calculator_2/lib'
[6.842s] Level 1:colcon.colcon_core.environment:checking '/home/rmcolin/ros2_ws/src/calculator_2/install/calculator_2/bin'
[6.842s] Level 1:colcon.colcon_core.environment:checking '/home/rmcolin/ros2_ws/src/calculator_2/install/calculator_2/lib/pkgconfig/calculator_2.pc'
[6.842s] Level 1:colcon.colcon_core.environment:checking '/home/rmcolin/ros2_ws/src/calculator_2/install/calculator_2/lib/python3.12/site-packages'
[6.842s] Level 1:colcon.colcon_core.environment:checking '/home/rmcolin/ros2_ws/src/calculator_2/install/calculator_2/bin'
[6.842s] INFO:colcon.colcon_core.shell:Creating package script '/home/rmcolin/ros2_ws/src/calculator_2/install/calculator_2/share/calculator_2/package.ps1'
[6.842s] INFO:colcon.colcon_core.shell:Creating package descriptor '/home/rmcolin/ros2_ws/src/calculator_2/install/calculator_2/share/calculator_2/package.dsv'
[6.843s] INFO:colcon.colcon_core.shell:Creating package script '/home/rmcolin/ros2_ws/src/calculator_2/install/calculator_2/share/calculator_2/package.sh'
[6.843s] INFO:colcon.colcon_core.shell:Creating package script '/home/rmcolin/ros2_ws/src/calculator_2/install/calculator_2/share/calculator_2/package.bash'
[6.843s] INFO:colcon.colcon_core.shell:Creating package script '/home/rmcolin/ros2_ws/src/calculator_2/install/calculator_2/share/calculator_2/package.zsh'
[6.843s] Level 1:colcon.colcon_core.environment:create_file_with_runtime_dependencies(/home/rmcolin/ros2_ws/src/calculator_2/install/calculator_2/share/colcon-core/packages/calculator_2)
[6.844s] Level 1:colcon.colcon_core.environment:create_environment_scripts_only(calculator_2)
[6.844s] Level 1:colcon.colcon_core.environment:checking '/home/rmcolin/ros2_ws/src/calculator_2/install/calculator_2' for CMake module files
[6.844s] Level 1:colcon.colcon_core.environment:checking '/home/rmcolin/ros2_ws/src/calculator_2/install/calculator_2' for CMake config files
[6.844s] Level 1:colcon.colcon_core.shell:create_environment_hook('calculator_2', 'cmake_prefix_path')
[6.844s] INFO:colcon.colcon_core.shell:Creating environment hook '/home/rmcolin/ros2_ws/src/calculator_2/install/calculator_2/share/calculator_2/hook/cmake_prefix_path.ps1'
[6.844s] INFO:colcon.colcon_core.shell:Creating environment descriptor '/home/rmcolin/ros2_ws/src/calculator_2/install/calculator_2/share/calculator_2/hook/cmake_prefix_path.dsv'
[6.845s] INFO:colcon.colcon_core.shell:Creating environment hook '/home/rmcolin/ros2_ws/src/calculator_2/install/calculator_2/share/calculator_2/hook/cmake_prefix_path.sh'
[6.845s] Level 1:colcon.colcon_core.environment:checking '/home/rmcolin/ros2_ws/src/calculator_2/install/calculator_2/lib'
[6.845s] Level 1:colcon.colcon_core.environment:checking '/home/rmcolin/ros2_ws/src/calculator_2/install/calculator_2/bin'
[6.845s] Level 1:colcon.colcon_core.environment:checking '/home/rmcolin/ros2_ws/src/calculator_2/install/calculator_2/lib/pkgconfig/calculator_2.pc'
[6.845s] Level 1:colcon.colcon_core.environment:checking '/home/rmcolin/ros2_ws/src/calculator_2/install/calculator_2/lib/python3.12/site-packages'
[6.845s] Level 1:colcon.colcon_core.environment:checking '/home/rmcolin/ros2_ws/src/calculator_2/install/calculator_2/bin'
[6.845s] INFO:colcon.colcon_core.shell:Creating package script '/home/rmcolin/ros2_ws/src/calculator_2/install/calculator_2/share/calculator_2/package.ps1'
[6.846s] INFO:colcon.colcon_core.shell:Creating package descriptor '/home/rmcolin/ros2_ws/src/calculator_2/install/calculator_2/share/calculator_2/package.dsv'
[6.846s] INFO:colcon.colcon_core.shell:Creating package script '/home/rmcolin/ros2_ws/src/calculator_2/install/calculator_2/share/calculator_2/package.sh'
[6.846s] INFO:colcon.colcon_core.shell:Creating package script '/home/rmcolin/ros2_ws/src/calculator_2/install/calculator_2/share/calculator_2/package.bash'
[6.846s] INFO:colcon.colcon_core.shell:Creating package script '/home/rmcolin/ros2_ws/src/calculator_2/install/calculator_2/share/calculator_2/package.zsh'
[6.846s] Level 1:colcon.colcon_core.environment:create_file_with_runtime_dependencies(/home/rmcolin/ros2_ws/src/calculator_2/install/calculator_2/share/colcon-core/packages/calculator_2)
[6.846s] DEBUG:colcon.colcon_parallel_executor.executor.parallel:closing loop
[6.847s] DEBUG:colcon.colcon_parallel_executor.executor.parallel:loop closed
[6.847s] DEBUG:colcon.colcon_parallel_executor.executor.parallel:run_until_complete finished with '0'
[6.847s] DEBUG:colcon.colcon_core.event_reactor:joining thread
[6.900s] INFO:colcon.colcon_core.plugin_system:Skipping extension 'colcon_notification.desktop_notification.notify_send': Could not find 'notify-send'
[6.900s] INFO:colcon.colcon_core.plugin_system:Skipping extension 'colcon_notification.desktop_notification.terminal_notifier': Not used on non-Darwin systems
[6.900s] INFO:colcon.colcon_core.plugin_system:Skipping extension 'colcon_notification.desktop_notification.win32': Not used on non-Windows systems
[6.900s] INFO:colcon.colcon_notification.desktop_notification:Sending desktop notification using 'notify2'
[6.901s] DEBUG:colcon.colcon_notification.desktop_notification.notify2:Failed to initialize notify2: org.freedesktop.DBus.Error.ServiceUnknown: The name org.freedesktop.Notifications was not provided by any .service files
[6.901s] DEBUG:colcon.colcon_core.event_reactor:joined thread
[6.901s] INFO:colcon.colcon_core.shell:Creating prefix script '/home/rmcolin/ros2_ws/src/calculator_2/install/local_setup.ps1'
[6.901s] INFO:colcon.colcon_core.shell:Creating prefix util module '/home/rmcolin/ros2_ws/src/calculator_2/install/_local_setup_util_ps1.py'
[6.902s] INFO:colcon.colcon_core.shell:Creating prefix chain script '/home/rmcolin/ros2_ws/src/calculator_2/install/setup.ps1'
[6.902s] INFO:colcon.colcon_core.shell:Creating prefix script '/home/rmcolin/ros2_ws/src/calculator_2/install/local_setup.sh'
[6.902s] INFO:colcon.colcon_core.shell:Creating prefix util module '/home/rmcolin/ros2_ws/src/calculator_2/install/_local_setup_util_sh.py'
[6.903s] INFO:colcon.colcon_core.shell:Creating prefix chain script '/home/rmcolin/ros2_ws/src/calculator_2/install/setup.sh'
[6.903s] INFO:colcon.colcon_core.shell:Creating prefix script '/home/rmcolin/ros2_ws/src/calculator_2/install/local_setup.bash'
[6.903s] INFO:colcon.colcon_core.shell:Creating prefix chain script '/home/rmcolin/ros2_ws/src/calculator_2/install/setup.bash'
[6.904s] INFO:colcon.colcon_core.shell:Creating prefix script '/home/rmcolin/ros2_ws/src/calculator_2/install/local_setup.zsh'
[6.904s] INFO:colcon.colcon_core.shell:Creating prefix chain script '/home/rmcolin/ros2_ws/src/calculator_2/install/setup.zsh'
