In file included from [01m[K/home/rmcolin/ros2_ws/src/calculator_2/src/calculator_subscriber.cpp:1[m[K:
[01m[K/home/rmcolin/ros2_ws/src/calculator_2/src/calculator_subscriber.hpp:11:1:[m[K [01;31m[Kerror: [m[K‘[01m[Kco[m[K’ does not name a type
   11 | [01;31m[Kco[m[K
      | [01;31m[K^~[m[K
[01m[K/home/rmcolin/ros2_ws/src/calculator_2/src/calculator_subscriber.cpp:3:1:[m[K [01;31m[Kerror: [m[K‘[01m[KCalculatorSubscriber[m[K’ does not name a type
    3 | [01;31m[KCalculatorSubscriber[m[K::CalculatorSubscriber() : Node("calculator_subscriber")
      | [01;31m[K^~~~~~~~~~~~~~~~~~~~[m[K
[01m[K/home/rmcolin/ros2_ws/src/calculator_2/src/calculator_subscriber.cpp:17:6:[m[K [01;31m[Kerror: [m[K‘[01m[KCalculatorSubscriber[m[K’ has not been declared
   17 | void [01;31m[KCalculatorSubscriber[m[K::num1_callback(const std_msgs::msg::Float64::SharedPtr msg)
      |      [01;31m[K^~~~~~~~~~~~~~~~~~~~[m[K
[01m[K/home/rmcolin/ros2_ws/src/calculator_2/src/calculator_subscriber.cpp:[m[K In function ‘[01m[Kvoid[01;32m[K num1_callback[m[K(std_msgs::msg::Float64_<std::allocator<void> >::SharedPtr)[m[K’:
[01m[K/home/rmcolin/ros2_ws/src/calculator_2/src/calculator_subscriber.cpp:19:3:[m[K [01;31m[Kerror: [m[K‘[01m[Knum1_[m[K’ was not declared in this scope
   19 |   [01;31m[Knum1_[m[K = msg->data;
      |   [01;31m[K^~~~~[m[K
[01m[K/home/rmcolin/ros2_ws/src/calculator_2/src/calculator_subscriber.cpp:[m[K At global scope:
[01m[K/home/rmcolin/ros2_ws/src/calculator_2/src/calculator_subscriber.cpp:22:6:[m[K [01;31m[Kerror: [m[K‘[01m[KCalculatorSubscriber[m[K’ has not been declared
   22 | void [01;31m[KCalculatorSubscriber[m[K::num2_callback(const std_msgs::msg::Float64::SharedPtr msg)
      |      [01;31m[K^~~~~~~~~~~~~~~~~~~~[m[K
[01m[K/home/rmcolin/ros2_ws/src/calculator_2/src/calculator_subscriber.cpp:[m[K In function ‘[01m[Kvoid[01;32m[K num2_callback[m[K(std_msgs::msg::Float64_<std::allocator<void> >::SharedPtr)[m[K’:
[01m[K/home/rmcolin/ros2_ws/src/calculator_2/src/calculator_subscriber.cpp:24:3:[m[K [01;31m[Kerror: [m[K‘[01m[Knum2_[m[K’ was not declared in this scope
   24 |   [01;31m[Knum2_[m[K = msg->data;
      |   [01;31m[K^~~~~[m[K
[01m[K/home/rmcolin/ros2_ws/src/calculator_2/src/calculator_subscriber.cpp:[m[K At global scope:
[01m[K/home/rmcolin/ros2_ws/src/calculator_2/src/calculator_subscriber.cpp:27:6:[m[K [01;31m[Kerror: [m[K‘[01m[KCalculatorSubscriber[m[K’ has not been declared
   27 | void [01;31m[KCalculatorSubscriber[m[K::operation_callback(const std_msgs::msg::String::SharedPtr msg)
      |      [01;31m[K^~~~~~~~~~~~~~~~~~~~[m[K
[01m[K/home/rmcolin/ros2_ws/src/calculator_2/src/calculator_subscriber.cpp:[m[K In function ‘[01m[Kvoid[01;32m[K operation_callback[m[K(std_msgs::msg::String_<std::allocator<void> >::SharedPtr)[m[K’:
[01m[K/home/rmcolin/ros2_ws/src/calculator_2/src/calculator_subscriber.cpp:29:3:[m[K [01;31m[Kerror: [m[K‘[01m[Koperation_[m[K’ was not declared in this scope; did you mean ‘[01m[Koperator![m[K’?
   29 |   [01;31m[Koperation_[m[K = msg->data;
      |   [01;31m[K^~~~~~~~~~[m[K
      |   [32m[Koperator![m[K
[01m[K/home/rmcolin/ros2_ws/src/calculator_2/src/calculator_subscriber.cpp:[m[K At global scope:
[01m[K/home/rmcolin/ros2_ws/src/calculator_2/src/calculator_subscriber.cpp:32:6:[m[K [01;31m[Kerror: [m[K‘[01m[KCalculatorSubscriber[m[K’ has not been declared
   32 | void [01;31m[KCalculatorSubscriber[m[K::command_callback(const std_msgs::msg::Int32::SharedPtr msg)
      |      [01;31m[K^~~~~~~~~~~~~~~~~~~~[m[K
In file included from [01m[K/opt/ros/jazzy/include/rclcpp/rclcpp/copy_all_parameter_values.hpp:27[m[K,
                 from [01m[K/opt/ros/jazzy/include/rclcpp/rclcpp/rclcpp.hpp:171[m[K,
                 from [01m[K/home/rmcolin/ros2_ws/src/calculator_2/src/calculator_subscriber.hpp:4[m[K:
[01m[K/home/rmcolin/ros2_ws/src/calculator_2/src/calculator_subscriber.cpp:[m[K In function ‘[01m[Kvoid[01;32m[K command_callback[m[K(std_msgs::msg::Int32_<std::allocator<void> >::SharedPtr)[m[K’:
[01m[K/home/rmcolin/ros2_ws/src/calculator_2/src/calculator_subscriber.cpp:35:15:[m[K [01;31m[Kerror: [m[Kinvalid use of ‘[01m[Kthis[m[K’ in non-member function
   35 |   RCLCPP_INFO([01;31m[Kthis[m[K->get_logger(), "收到命令: %d", command); // 添加日志
      |               [01;31m[K^~~~[m[K
[01m[K/home/rmcolin/ros2_ws/src/calculator_2/src/calculator_subscriber.cpp:35:15:[m[K [01;31m[Kerror: [m[Kinvalid use of ‘[01m[Kthis[m[K’ in non-member function
[01m[K/home/rmcolin/ros2_ws/src/calculator_2/src/calculator_subscriber.cpp:35:3:[m[K [01;31m[Kerror: [m[Ktemplate argument 1 is invalid
   35 |   [01;31m[KRCLCPP_INFO[m[K(this->get_logger(), "收到命令: %d", command); // 添加日志
      |   [01;31m[K^~~~~~~~~~~[m[K
[01m[K/home/rmcolin/ros2_ws/src/calculator_2/src/calculator_subscriber.cpp:35:3:[m[K [01;31m[Kerror: [m[Ktemplate argument 1 is invalid
   35 |   [01;31m[KRCLCPP_INFO[m[K(this->get_logger(), "收到命令: %d", command); // 添加日志
      |   [01;31m[K^~~~~~~~~~~[m[K
[01m[K/home/rmcolin/ros2_ws/src/calculator_2/src/calculator_subscriber.cpp:35:3:[m[K [01;31m[Kerror: [m[Ktemplate argument 1 is invalid
   35 |   [01;31m[KRCLCPP_INFO[m[K(this->get_logger(), "收到命令: %d", command); // 添加日志
      |   [01;31m[K^~~~~~~~~~~[m[K
In file included from [01m[K/opt/ros/jazzy/include/rclcpp/rclcpp/logging.hpp:24[m[K:
[01m[K/home/rmcolin/ros2_ws/src/calculator_2/src/calculator_subscriber.cpp:35:15:[m[K [01;31m[Kerror: [m[Kinvalid use of ‘[01m[Kthis[m[K’ in non-member function
   35 |   RCLCPP_INFO([01;31m[Kthis[m[K->get_logger(), "收到命令: %d", command); // 添加日志
      |               [01;31m[K^~~~[m[K
[01m[K/home/rmcolin/ros2_ws/src/calculator_2/src/calculator_subscriber.cpp:35:15:[m[K [01;31m[Kerror: [m[Kinvalid use of ‘[01m[Kthis[m[K’ in non-member function
   35 |   RCLCPP_INFO([01;31m[Kthis[m[K->get_logger(), "收到命令: %d", command); // 添加日志
      |               [01;31m[K^~~~[m[K
[01m[K/home/rmcolin/ros2_ws/src/calculator_2/src/calculator_subscriber.cpp:37:23:[m[K [01;31m[Kerror: [m[K‘[01m[Knum1_[m[K’ was not declared in this scope
   37 |   if (command == 1 && [01;31m[Knum1_[m[K && num2_ && !operation_.empty())
      |                       [01;31m[K^~~~~[m[K
[01m[K/home/rmcolin/ros2_ws/src/calculator_2/src/calculator_subscriber.cpp:37:32:[m[K [01;31m[Kerror: [m[K‘[01m[Knum2_[m[K’ was not declared in this scope
   37 |   if (command == 1 && num1_ && [01;31m[Knum2_[m[K && !operation_.empty())
      |                                [01;31m[K^~~~~[m[K
[01m[K/home/rmcolin/ros2_ws/src/calculator_2/src/calculator_subscriber.cpp:37:42:[m[K [01;31m[Kerror: [m[K‘[01m[Koperation_[m[K’ was not declared in this scope; did you mean ‘[01m[Koperator![m[K’?
   37 |   if (command == 1 && num1_ && num2_ && ![01;31m[Koperation_[m[K.empty())
      |                                          [01;31m[K^~~~~~~~~~[m[K
      |                                          [32m[Koperator![m[K
[01m[K/home/rmcolin/ros2_ws/src/calculator_2/src/calculator_subscriber.cpp:39:21:[m[K [01;31m[Kerror: [m[K‘[01m[Kperform_calculation[m[K’ was not declared in this scope
   39 |     double result = [01;31m[Kperform_calculation[m[K(*num1_, *num2_, operation_);
      |                     [01;31m[K^~~~~~~~~~~~~~~~~~~[m[K
[01m[K/home/rmcolin/ros2_ws/src/calculator_2/src/calculator_subscriber.cpp:40:5:[m[K [01;31m[Kerror: [m[K‘[01m[Ksave_history[m[K’ was not declared in this scope
   40 |     [01;31m[Ksave_history[m[K(result);
      |     [01;31m[K^~~~~~~~~~~~[m[K
[01m[K/home/rmcolin/ros2_ws/src/calculator_2/src/calculator_subscriber.cpp:41:17:[m[K [01;31m[Kerror: [m[Kinvalid use of ‘[01m[Kthis[m[K’ in non-member function
   41 |     RCLCPP_INFO([01;31m[Kthis[m[K->get_logger(), "运算结果: %.2f", result);
      |                 [01;31m[K^~~~[m[K
[01m[K/home/rmcolin/ros2_ws/src/calculator_2/src/calculator_subscriber.cpp:41:17:[m[K [01;31m[Kerror: [m[Kinvalid use of ‘[01m[Kthis[m[K’ in non-member function
[01m[K/home/rmcolin/ros2_ws/src/calculator_2/src/calculator_subscriber.cpp:41:5:[m[K [01;31m[Kerror: [m[Ktemplate argument 1 is invalid
   41 |     [01;31m[KRCLCPP_INFO[m[K(this->get_logger(), "运算结果: %.2f", result);
      |     [01;31m[K^~~~~~~~~~~[m[K
[01m[K/home/rmcolin/ros2_ws/src/calculator_2/src/calculator_subscriber.cpp:41:5:[m[K [01;31m[Kerror: [m[Ktemplate argument 1 is invalid
   41 |     [01;31m[KRCLCPP_INFO[m[K(this->get_logger(), "运算结果: %.2f", result);
      |     [01;31m[K^~~~~~~~~~~[m[K
[01m[K/home/rmcolin/ros2_ws/src/calculator_2/src/calculator_subscriber.cpp:41:5:[m[K [01;31m[Kerror: [m[Ktemplate argument 1 is invalid
   41 |     [01;31m[KRCLCPP_INFO[m[K(this->get_logger(), "运算结果: %.2f", result);
      |     [01;31m[K^~~~~~~~~~~[m[K
[01m[K/home/rmcolin/ros2_ws/src/calculator_2/src/calculator_subscriber.cpp:41:17:[m[K [01;31m[Kerror: [m[Kinvalid use of ‘[01m[Kthis[m[K’ in non-member function
   41 |     RCLCPP_INFO([01;31m[Kthis[m[K->get_logger(), "运算结果: %.2f", result);
      |                 [01;31m[K^~~~[m[K
[01m[K/home/rmcolin/ros2_ws/src/calculator_2/src/calculator_subscriber.cpp:41:17:[m[K [01;31m[Kerror: [m[Kinvalid use of ‘[01m[Kthis[m[K’ in non-member function
   41 |     RCLCPP_INFO([01;31m[Kthis[m[K->get_logger(), "运算结果: %.2f", result);
      |                 [01;31m[K^~~~[m[K
[01m[K/home/rmcolin/ros2_ws/src/calculator_2/src/calculator_subscriber.cpp:45:5:[m[K [01;31m[Kerror: [m[K‘[01m[Kdisplay_history[m[K’ was not declared in this scope
   45 |     [01;31m[Kdisplay_history[m[K();
      |     [01;31m[K^~~~~~~~~~~~~~~[m[K
[01m[K/home/rmcolin/ros2_ws/src/calculator_2/src/calculator_subscriber.cpp:49:5:[m[K [01;31m[Kerror: [m[K‘[01m[Kclear_history[m[K’ was not declared in this scope
   49 |     [01;31m[Kclear_history[m[K();
      |     [01;31m[K^~~~~~~~~~~~~[m[K
[01m[K/home/rmcolin/ros2_ws/src/calculator_2/src/calculator_subscriber.cpp:53:17:[m[K [01;31m[Kerror: [m[Kinvalid use of ‘[01m[Kthis[m[K’ in non-member function
   53 |     RCLCPP_WARN([01;31m[Kthis[m[K->get_logger(), "无效指令");
      |                 [01;31m[K^~~~[m[K
[01m[K/home/rmcolin/ros2_ws/src/calculator_2/src/calculator_subscriber.cpp:53:17:[m[K [01;31m[Kerror: [m[Kinvalid use of ‘[01m[Kthis[m[K’ in non-member function
[01m[K/home/rmcolin/ros2_ws/src/calculator_2/src/calculator_subscriber.cpp:53:5:[m[K [01;31m[Kerror: [m[Ktemplate argument 1 is invalid
   53 |     [01;31m[KRCLCPP_WARN[m[K(this->get_logger(), "无效指令");
      |     [01;31m[K^~~~~~~~~~~[m[K
[01m[K/home/rmcolin/ros2_ws/src/calculator_2/src/calculator_subscriber.cpp:53:5:[m[K [01;31m[Kerror: [m[Ktemplate argument 1 is invalid
   53 |     [01;31m[KRCLCPP_WARN[m[K(this->get_logger(), "无效指令");
      |     [01;31m[K^~~~~~~~~~~[m[K
[01m[K/home/rmcolin/ros2_ws/src/calculator_2/src/calculator_subscriber.cpp:53:5:[m[K [01;31m[Kerror: [m[Ktemplate argument 1 is invalid
   53 |     [01;31m[KRCLCPP_WARN[m[K(this->get_logger(), "无效指令");
      |     [01;31m[K^~~~~~~~~~~[m[K
[01m[K/home/rmcolin/ros2_ws/src/calculator_2/src/calculator_subscriber.cpp:53:17:[m[K [01;31m[Kerror: [m[Kinvalid use of ‘[01m[Kthis[m[K’ in non-member function
   53 |     RCLCPP_WARN([01;31m[Kthis[m[K->get_logger(), "无效指令");
      |                 [01;31m[K^~~~[m[K
[01m[K/home/rmcolin/ros2_ws/src/calculator_2/src/calculator_subscriber.cpp:53:17:[m[K [01;31m[Kerror: [m[Kinvalid use of ‘[01m[Kthis[m[K’ in non-member function
   53 |     RCLCPP_WARN([01;31m[Kthis[m[K->get_logger(), "无效指令");
      |                 [01;31m[K^~~~[m[K
[01m[K/home/rmcolin/ros2_ws/src/calculator_2/src/calculator_subscriber.cpp:[m[K At global scope:
[01m[K/home/rmcolin/ros2_ws/src/calculator_2/src/calculator_subscriber.cpp:57:8:[m[K [01;31m[Kerror: [m[K‘[01m[KCalculatorSubscriber[m[K’ has not been declared
   57 | double [01;31m[KCalculatorSubscriber[m[K::perform_calculation(double num1, double num2, const std::string &operation)
      |        [01;31m[K^~~~~~~~~~~~~~~~~~~~[m[K
[01m[K/home/rmcolin/ros2_ws/src/calculator_2/src/calculator_subscriber.cpp:71:6:[m[K [01;31m[Kerror: [m[K‘[01m[KCalculatorSubscriber[m[K’ has not been declared
   71 | void [01;31m[KCalculatorSubscriber[m[K::save_history(double result)
      |      [01;31m[K^~~~~~~~~~~~~~~~~~~~[m[K
[01m[K/home/rmcolin/ros2_ws/src/calculator_2/src/calculator_subscriber.cpp:[m[K In function ‘[01m[Kvoid[01;32m[K save_history[m[K(double)[m[K’:
[01m[K/home/rmcolin/ros2_ws/src/calculator_2/src/calculator_subscriber.cpp:73:7:[m[K [01;31m[Kerror: [m[K‘[01m[Khistory_[m[K’ was not declared in this scope
   73 |   if ([01;31m[Khistory_[m[K.size() >= 5)
      |       [01;31m[K^~~~~~~~[m[K
[01m[K/home/rmcolin/ros2_ws/src/calculator_2/src/calculator_subscriber.cpp:77:3:[m[K [01;31m[Kerror: [m[K‘[01m[Khistory_[m[K’ was not declared in this scope
   77 |   [01;31m[Khistory_[m[K.push_back(result);
      |   [01;31m[K^~~~~~~~[m[K
[01m[K/home/rmcolin/ros2_ws/src/calculator_2/src/calculator_subscriber.cpp:[m[K At global scope:
[01m[K/home/rmcolin/ros2_ws/src/calculator_2/src/calculator_subscriber.cpp:80:6:[m[K [01;31m[Kerror: [m[K‘[01m[KCalculatorSubscriber[m[K’ has not been declared
   80 | void [01;31m[KCalculatorSubscriber[m[K::display_history()
      |      [01;31m[K^~~~~~~~~~~~~~~~~~~~[m[K
[01m[K/home/rmcolin/ros2_ws/src/calculator_2/src/calculator_subscriber.cpp:[m[K In function ‘[01m[Kvoid[01;32m[K display_history[m[K()[m[K’:
[01m[K/home/rmcolin/ros2_ws/src/calculator_2/src/calculator_subscriber.cpp:82:15:[m[K [01;31m[Kerror: [m[Kinvalid use of ‘[01m[Kthis[m[K’ in non-member function
   82 |   RCLCPP_INFO([01;31m[Kthis[m[K->get_logger(), "历史记录:");
      |               [01;31m[K^~~~[m[K
[01m[K/home/rmcolin/ros2_ws/src/calculator_2/src/calculator_subscriber.cpp:82:15:[m[K [01;31m[Kerror: [m[Kinvalid use of ‘[01m[Kthis[m[K’ in non-member function
[01m[K/home/rmcolin/ros2_ws/src/calculator_2/src/calculator_subscriber.cpp:82:3:[m[K [01;31m[Kerror: [m[Ktemplate argument 1 is invalid
   82 |   [01;31m[KRCLCPP_INFO[m[K(this->get_logger(), "历史记录:");
      |   [01;31m[K^~~~~~~~~~~[m[K
[01m[K/home/rmcolin/ros2_ws/src/calculator_2/src/calculator_subscriber.cpp:82:3:[m[K [01;31m[Kerror: [m[Ktemplate argument 1 is invalid
   82 |   [01;31m[KRCLCPP_INFO[m[K(this->get_logger(), "历史记录:");
      |   [01;31m[K^~~~~~~~~~~[m[K
[01m[K/home/rmcolin/ros2_ws/src/calculator_2/src/calculator_subscriber.cpp:82:3:[m[K [01;31m[Kerror: [m[Ktemplate argument 1 is invalid
   82 |   [01;31m[KRCLCPP_INFO[m[K(this->get_logger(), "历史记录:");
      |   [01;31m[K^~~~~~~~~~~[m[K
[01m[K/home/rmcolin/ros2_ws/src/calculator_2/src/calculator_subscriber.cpp:82:15:[m[K [01;31m[Kerror: [m[Kinvalid use of ‘[01m[Kthis[m[K’ in non-member function
   82 |   RCLCPP_INFO([01;31m[Kthis[m[K->get_logger(), "历史记录:");
      |               [01;31m[K^~~~[m[K
[01m[K/home/rmcolin/ros2_ws/src/calculator_2/src/calculator_subscriber.cpp:82:15:[m[K [01;31m[Kerror: [m[Kinvalid use of ‘[01m[Kthis[m[K’ in non-member function
   82 |   RCLCPP_INFO([01;31m[Kthis[m[K->get_logger(), "历史记录:");
      |               [01;31m[K^~~~[m[K
[01m[K/home/rmcolin/ros2_ws/src/calculator_2/src/calculator_subscriber.cpp:83:7:[m[K [01;31m[Kerror: [m[K‘[01m[Khistory_[m[K’ was not declared in this scope
   83 |   if ([01;31m[Khistory_[m[K.empty())
      |       [01;31m[K^~~~~~~~[m[K
[01m[K/home/rmcolin/ros2_ws/src/calculator_2/src/calculator_subscriber.cpp:85:17:[m[K [01;31m[Kerror: [m[Kinvalid use of ‘[01m[Kthis[m[K’ in non-member function
   85 |     RCLCPP_INFO([01;31m[Kthis[m[K->get_logger(), "无历史记录");
      |                 [01;31m[K^~~~[m[K
[01m[K/home/rmcolin/ros2_ws/src/calculator_2/src/calculator_subscriber.cpp:85:17:[m[K [01;31m[Kerror: [m[Kinvalid use of ‘[01m[Kthis[m[K’ in non-member function
[01m[K/home/rmcolin/ros2_ws/src/calculator_2/src/calculator_subscriber.cpp:85:5:[m[K [01;31m[Kerror: [m[Ktemplate argument 1 is invalid
   85 |     [01;31m[KRCLCPP_INFO[m[K(this->get_logger(), "无历史记录");
      |     [01;31m[K^~~~~~~~~~~[m[K
[01m[K/home/rmcolin/ros2_ws/src/calculator_2/src/calculator_subscriber.cpp:85:5:[m[K [01;31m[Kerror: [m[Ktemplate argument 1 is invalid
   85 |     [01;31m[KRCLCPP_INFO[m[K(this->get_logger(), "无历史记录");
      |     [01;31m[K^~~~~~~~~~~[m[K
[01m[K/home/rmcolin/ros2_ws/src/calculator_2/src/calculator_subscriber.cpp:85:5:[m[K [01;31m[Kerror: [m[Ktemplate argument 1 is invalid
   85 |     [01;31m[KRCLCPP_INFO[m[K(this->get_logger(), "无历史记录");
      |     [01;31m[K^~~~~~~~~~~[m[K
[01m[K/home/rmcolin/ros2_ws/src/calculator_2/src/calculator_subscriber.cpp:85:17:[m[K [01;31m[Kerror: [m[Kinvalid use of ‘[01m[Kthis[m[K’ in non-member function
   85 |     RCLCPP_INFO([01;31m[Kthis[m[K->get_logger(), "无历史记录");
      |                 [01;31m[K^~~~[m[K
[01m[K/home/rmcolin/ros2_ws/src/calculator_2/src/calculator_subscriber.cpp:85:17:[m[K [01;31m[Kerror: [m[Kinvalid use of ‘[01m[Kthis[m[K’ in non-member function
   85 |     RCLCPP_INFO([01;31m[Kthis[m[K->get_logger(), "无历史记录");
      |                 [01;31m[K^~~~[m[K
[01m[K/home/rmcolin/ros2_ws/src/calculator_2/src/calculator_subscriber.cpp:87:26:[m[K [01;31m[Kerror: [m[K‘[01m[Khistory_[m[K’ was not declared in this scope
   87 |   for (const auto &res : [01;31m[Khistory_[m[K)
      |                          [01;31m[K^~~~~~~~[m[K
[01m[K/home/rmcolin/ros2_ws/src/calculator_2/src/calculator_subscriber.cpp:89:17:[m[K [01;31m[Kerror: [m[Kinvalid use of ‘[01m[Kthis[m[K’ in non-member function
   89 |     RCLCPP_INFO([01;31m[Kthis[m[K->get_logger(), "%.2f", res);
      |                 [01;31m[K^~~~[m[K
[01m[K/home/rmcolin/ros2_ws/src/calculator_2/src/calculator_subscriber.cpp:89:17:[m[K [01;31m[Kerror: [m[Kinvalid use of ‘[01m[Kthis[m[K’ in non-member function
[01m[K/home/rmcolin/ros2_ws/src/calculator_2/src/calculator_subscriber.cpp:89:5:[m[K [01;31m[Kerror: [m[Ktemplate argument 1 is invalid
   89 |     [01;31m[KRCLCPP_INFO[m[K(this->get_logger(), "%.2f", res);
      |     [01;31m[K^~~~~~~~~~~[m[K
[01m[K/home/rmcolin/ros2_ws/src/calculator_2/src/calculator_subscriber.cpp:89:5:[m[K [01;31m[Kerror: [m[Ktemplate argument 1 is invalid
   89 |     [01;31m[KRCLCPP_INFO[m[K(this->get_logger(), "%.2f", res);
      |     [01;31m[K^~~~~~~~~~~[m[K
[01m[K/home/rmcolin/ros2_ws/src/calculator_2/src/calculator_subscriber.cpp:89:5:[m[K [01;31m[Kerror: [m[Ktemplate argument 1 is invalid
   89 |     [01;31m[KRCLCPP_INFO[m[K(this->get_logger(), "%.2f", res);
      |     [01;31m[K^~~~~~~~~~~[m[K
[01m[K/home/rmcolin/ros2_ws/src/calculator_2/src/calculator_subscriber.cpp:89:17:[m[K [01;31m[Kerror: [m[Kinvalid use of ‘[01m[Kthis[m[K’ in non-member function
   89 |     RCLCPP_INFO([01;31m[Kthis[m[K->get_logger(), "%.2f", res);
      |                 [01;31m[K^~~~[m[K
[01m[K/home/rmcolin/ros2_ws/src/calculator_2/src/calculator_subscriber.cpp:89:17:[m[K [01;31m[Kerror: [m[Kinvalid use of ‘[01m[Kthis[m[K’ in non-member function
   89 |     RCLCPP_INFO([01;31m[Kthis[m[K->get_logger(), "%.2f", res);
      |                 [01;31m[K^~~~[m[K
[01m[K/home/rmcolin/ros2_ws/src/calculator_2/src/calculator_subscriber.cpp:[m[K At global scope:
[01m[K/home/rmcolin/ros2_ws/src/calculator_2/src/calculator_subscriber.cpp:93:6:[m[K [01;31m[Kerror: [m[K‘[01m[KCalculatorSubscriber[m[K’ has not been declared
   93 | void [01;31m[KCalculatorSubscriber[m[K::clear_history()
      |      [01;31m[K^~~~~~~~~~~~~~~~~~~~[m[K
[01m[K/home/rmcolin/ros2_ws/src/calculator_2/src/calculator_subscriber.cpp:[m[K In function ‘[01m[Kvoid[01;32m[K clear_history[m[K()[m[K’:
[01m[K/home/rmcolin/ros2_ws/src/calculator_2/src/calculator_subscriber.cpp:95:3:[m[K [01;31m[Kerror: [m[K‘[01m[Khistory_[m[K’ was not declared in this scope
   95 |   [01;31m[Khistory_[m[K.clear();
      |   [01;31m[K^~~~~~~~[m[K
[01m[K/home/rmcolin/ros2_ws/src/calculator_2/src/calculator_subscriber.cpp:96:15:[m[K [01;31m[Kerror: [m[Kinvalid use of ‘[01m[Kthis[m[K’ in non-member function
   96 |   RCLCPP_INFO([01;31m[Kthis[m[K->get_logger(), "历史记录已清除");
      |               [01;31m[K^~~~[m[K
[01m[K/home/rmcolin/ros2_ws/src/calculator_2/src/calculator_subscriber.cpp:96:15:[m[K [01;31m[Kerror: [m[Kinvalid use of ‘[01m[Kthis[m[K’ in non-member function
[01m[K/home/rmcolin/ros2_ws/src/calculator_2/src/calculator_subscriber.cpp:96:3:[m[K [01;31m[Kerror: [m[Ktemplate argument 1 is invalid
   96 |   [01;31m[KRCLCPP_INFO[m[K(this->get_logger(), "历史记录已清除");
      |   [01;31m[K^~~~~~~~~~~[m[K
[01m[K/home/rmcolin/ros2_ws/src/calculator_2/src/calculator_subscriber.cpp:96:3:[m[K [01;31m[Kerror: [m[Ktemplate argument 1 is invalid
   96 |   [01;31m[KRCLCPP_INFO[m[K(this->get_logger(), "历史记录已清除");
      |   [01;31m[K^~~~~~~~~~~[m[K
[01m[K/home/rmcolin/ros2_ws/src/calculator_2/src/calculator_subscriber.cpp:96:3:[m[K [01;31m[Kerror: [m[Ktemplate argument 1 is invalid
   96 |   [01;31m[KRCLCPP_INFO[m[K(this->get_logger(), "历史记录已清除");
      |   [01;31m[K^~~~~~~~~~~[m[K
[01m[K/home/rmcolin/ros2_ws/src/calculator_2/src/calculator_subscriber.cpp:96:15:[m[K [01;31m[Kerror: [m[Kinvalid use of ‘[01m[Kthis[m[K’ in non-member function
   96 |   RCLCPP_INFO([01;31m[Kthis[m[K->get_logger(), "历史记录已清除");
      |               [01;31m[K^~~~[m[K
[01m[K/home/rmcolin/ros2_ws/src/calculator_2/src/calculator_subscriber.cpp:96:15:[m[K [01;31m[Kerror: [m[Kinvalid use of ‘[01m[Kthis[m[K’ in non-member function
   96 |   RCLCPP_INFO([01;31m[Kthis[m[K->get_logger(), "历史记录已清除");
      |               [01;31m[K^~~~[m[K
[01m[K/home/rmcolin/ros2_ws/src/calculator_2/src/calculator_subscriber.cpp:[m[K In function ‘[01m[Kint[01;32m[K main[m[K(int, char**)[m[K’:
[01m[K/home/rmcolin/ros2_ws/src/calculator_2/src/calculator_subscriber.cpp:102:33:[m[K [01;31m[Kerror: [m[K‘[01m[KCalculatorSubscriber[m[K’ was not declared in this scope
  102 |   rclcpp::spin(std::make_shared<[01;31m[KCalculatorSubscriber[m[K>());
      |                                 [01;31m[K^~~~~~~~~~~~~~~~~~~~[m[K
[01m[K/home/rmcolin/ros2_ws/src/calculator_2/src/calculator_subscriber.cpp:102:54:[m[K [01;31m[Kerror: [m[Kno matching function for call to ‘[01m[Kmake_shared<<expression error> >()[m[K’
  102 |   rclcpp::spin([01;31m[Kstd::make_shared<CalculatorSubscriber>()[m[K);
      |                [01;31m[K~~~~~~~~~~~~~~~~~~~~~~~~~~~~~~~~~~~~~~^~[m[K
In file included from [01m[K/usr/include/c++/13/memory:80[m[K,
                 from [01m[K/opt/ros/jazzy/include/rclcpp/rclcpp/rclcpp.hpp:169[m[K:
[01m[K/usr/include/c++/13/bits/shared_ptr.h:1005:5:[m[K [01;36m[Knote: [m[Kcandidate: ‘[01m[Ktemplate<class _Tp, class ... _Args> std::shared_ptr<typename std::enable_if<(! std::is_array< <template-parameter-1-1> >::value), _Tp>::type> std::[01;32m[Kmake_shared[m[K(_Args&& ...)[m[K’
 1005 |     [01;36m[Kmake_shared[m[K(_Args&&... __args)
      |     [01;36m[K^~~~~~~~~~~[m[K
[01m[K/usr/include/c++/13/bits/shared_ptr.h:1005:5:[m[K [01;36m[Knote: [m[K  template argument deduction/substitution failed:
[01m[K/home/rmcolin/ros2_ws/src/calculator_2/src/calculator_subscriber.cpp:102:54:[m[K [01;31m[Kerror: [m[Ktemplate argument 1 is invalid
  102 |   rclcpp::spin([01;31m[Kstd::make_shared<CalculatorSubscriber>()[m[K);
      |                [01;31m[K~~~~~~~~~~~~~~~~~~~~~~~~~~~~~~~~~~~~~~^~[m[K
gmake[2]: *** [CMakeFiles/calculator_subscriber.dir/build.make:76: CMakeFiles/calculator_subscriber.dir/src/calculator_subscriber.cpp.o] Error 1
gmake[1]: *** [CMakeFiles/Makefile2:165: CMakeFiles/calculator_subscriber.dir/all] Error 2
gmake[1]: *** Waiting for unfinished jobs....
gmake: *** [Makefile:146: all] Error 2
