[0.332s] DEBUG:colcon:Command line arguments: ['/usr/bin/colcon', 'build']
[0.332s] DEBUG:colcon:Parsed command line arguments: Namespace(log_base=None, log_level=None, verb_name='build', build_base='build', install_base='install', merge_install=False, symlink_install=False, test_result_base=None, continue_on_error=False, executor='parallel', parallel_workers=24, event_handlers=None, ignore_user_meta=False, metas=['./colcon.meta'], base_paths=['.'], packages_ignore=None, packages_ignore_regex=None, paths=None, packages_up_to=None, packages_up_to_regex=None, packages_above=None, packages_above_and_dependencies=None, packages_above_depth=None, packages_select_by_dep=None, packages_skip_by_dep=None, packages_skip_up_to=None, packages_select_build_failed=False, packages_skip_build_finished=False, packages_select_test_failures=False, packages_skip_test_passed=False, packages_select=None, packages_skip=None, packages_select_regex=None, packages_skip_regex=None, packages_start=None, packages_end=None, allow_overriding=[], cmake_args=None, cmake_target=None, cmake_target_skip_unavailable=False, cmake_clean_cache=False, cmake_clean_first=False, cmake_force_configure=False, ament_cmake_args=None, catkin_cmake_args=None, catkin_skip_building_tests=False, verb_parser=<colcon_defaults.argument_parser.defaults.DefaultArgumentsDecorator object at 0x7f4c796d95e0>, verb_extension=<colcon_core.verb.build.BuildVerb object at 0x7f4c796d94f0>, main=<bound method BuildVerb.main of <colcon_core.verb.build.BuildVerb object at 0x7f4c796d94f0>>)
[0.352s] Level 1:colcon.colcon_core.package_discovery:discover_packages(colcon_meta) check parameters
[0.352s] Level 1:colcon.colcon_core.package_discovery:discover_packages(recursive) check parameters
[0.352s] Level 1:colcon.colcon_core.package_discovery:discover_packages(ignore) check parameters
[0.352s] Level 1:colcon.colcon_core.package_discovery:discover_packages(path) check parameters
[0.352s] Level 1:colcon.colcon_core.package_discovery:discover_packages(colcon_meta) discover
[0.352s] Level 1:colcon.colcon_core.package_discovery:discover_packages(recursive) discover
[0.352s] INFO:colcon.colcon_core.package_discovery:Crawling recursively for packages in '/home/rmcolin/ros2_ws/src/calculator_2'
[0.352s] Level 1:colcon.colcon_core.package_identification:_identify(.) by extensions ['ignore', 'ignore_ament_install']
[0.352s] Level 1:colcon.colcon_core.package_identification:_identify(.) by extension 'ignore'
[0.352s] Level 1:colcon.colcon_core.package_identification:_identify(.) by extension 'ignore_ament_install'
[0.352s] Level 1:colcon.colcon_core.package_identification:_identify(.) by extensions ['colcon_pkg']
[0.352s] Level 1:colcon.colcon_core.package_identification:_identify(.) by extension 'colcon_pkg'
[0.352s] Level 1:colcon.colcon_core.package_identification:_identify(.) by extensions ['colcon_meta']
[0.352s] Level 1:colcon.colcon_core.package_identification:_identify(.) by extension 'colcon_meta'
[0.352s] Level 1:colcon.colcon_core.package_identification:_identify(.) by extensions ['ros']
[0.352s] Level 1:colcon.colcon_core.package_identification:_identify(.) by extension 'ros'
[0.367s] DEBUG:colcon.colcon_core.package_identification:Package '.' with type 'ros.ament_cmake' and name 'calculator_2'
[0.367s] Level 1:colcon.colcon_core.package_discovery:discover_packages(recursive) using defaults
[0.367s] Level 1:colcon.colcon_core.package_discovery:discover_packages(ignore) discover
[0.367s] Level 1:colcon.colcon_core.package_discovery:discover_packages(ignore) using defaults
[0.367s] Level 1:colcon.colcon_core.package_discovery:discover_packages(path) discover
[0.367s] Level 1:colcon.colcon_core.package_discovery:discover_packages(path) using defaults
[0.376s] Level 1:colcon.colcon_core.package_discovery:discover_packages(prefix_path) check parameters
[0.376s] Level 1:colcon.colcon_core.package_discovery:discover_packages(prefix_path) discover
[0.377s] WARNING:colcon.colcon_ros.prefix_path.ament:The path '/home/rmcolin/ros2_ws/install/calculator_2' in the environment variable AMENT_PREFIX_PATH doesn't exist
[0.377s] WARNING:colcon.colcon_ros.prefix_path.catkin:The path '/home/rmcolin/ros2_ws/install/calculator_2' in the environment variable CMAKE_PREFIX_PATH doesn't exist
[0.377s] DEBUG:colcon.colcon_installed_package_information.package_discovery:Found 1 installed packages in /home/rmcolin/ros2_ws/install
[0.378s] DEBUG:colcon.colcon_installed_package_information.package_discovery:Found 285 installed packages in /opt/ros/jazzy
[0.378s] Level 1:colcon.colcon_core.package_discovery:discover_packages(prefix_path) using defaults
[0.397s] Level 5:colcon.colcon_core.verb:set package 'calculator_2' build argument 'cmake_args' from command line to 'None'
[0.397s] Level 5:colcon.colcon_core.verb:set package 'calculator_2' build argument 'cmake_target' from command line to 'None'
[0.397s] Level 5:colcon.colcon_core.verb:set package 'calculator_2' build argument 'cmake_target_skip_unavailable' from command line to 'False'
[0.397s] Level 5:colcon.colcon_core.verb:set package 'calculator_2' build argument 'cmake_clean_cache' from command line to 'False'
[0.397s] Level 5:colcon.colcon_core.verb:set package 'calculator_2' build argument 'cmake_clean_first' from command line to 'False'
[0.397s] Level 5:colcon.colcon_core.verb:set package 'calculator_2' build argument 'cmake_force_configure' from command line to 'False'
[0.397s] Level 5:colcon.colcon_core.verb:set package 'calculator_2' build argument 'ament_cmake_args' from command line to 'None'
[0.397s] Level 5:colcon.colcon_core.verb:set package 'calculator_2' build argument 'catkin_cmake_args' from command line to 'None'
[0.397s] Level 5:colcon.colcon_core.verb:set package 'calculator_2' build argument 'catkin_skip_building_tests' from command line to 'False'
[0.397s] DEBUG:colcon.colcon_core.verb:Building package 'calculator_2' with the following arguments: {'ament_cmake_args': None, 'build_base': '/home/rmcolin/ros2_ws/src/calculator_2/build/calculator_2', 'catkin_cmake_args': None, 'catkin_skip_building_tests': False, 'cmake_args': None, 'cmake_clean_cache': False, 'cmake_clean_first': False, 'cmake_force_configure': False, 'cmake_target': None, 'cmake_target_skip_unavailable': False, 'install_base': '/home/rmcolin/ros2_ws/src/calculator_2/install/calculator_2', 'merge_install': False, 'path': '/home/rmcolin/ros2_ws/src/calculator_2', 'symlink_install': False, 'test_result_base': None}
[0.397s] INFO:colcon.colcon_core.executor:Executing jobs using 'parallel' executor
[0.397s] DEBUG:colcon.colcon_parallel_executor.executor.parallel:run_until_complete
[0.397s] INFO:colcon.colcon_ros.task.ament_cmake.build:Building ROS package in '/home/rmcolin/ros2_ws/src/calculator_2' with build type 'ament_cmake'
[0.398s] INFO:colcon.colcon_cmake.task.cmake.build:Building CMake package in '/home/rmcolin/ros2_ws/src/calculator_2'
[0.399s] INFO:colcon.colcon_core.plugin_system:Skipping extension 'colcon_core.shell.bat': Not used on non-Windows systems
[0.399s] INFO:colcon.colcon_core.shell:Skip shell extension 'powershell' for command environment: Not usable outside of PowerShell
[0.399s] DEBUG:colcon.colcon_core.shell:Skip shell extension 'dsv' for command environment
[0.403s] DEBUG:colcon.colcon_core.event_handler.log_command:Invoking command in '/home/rmcolin/ros2_ws/src/calculator_2/build/calculator_2': CMAKE_PREFIX_PATH=${CMAKE_PREFIX_PATH}:/opt/ros/jazzy DEBUGINFOD_URLS=https://debuginfod.ubuntu.com /usr/bin/cmake /home/rmcolin/ros2_ws/src/calculator_2 -DCMAKE_INSTALL_PREFIX=/home/rmcolin/ros2_ws/src/calculator_2/install/calculator_2
[6.076s] DEBUG:colcon.colcon_core.event_handler.log_command:Invoked command in '/home/rmcolin/ros2_ws/src/calculator_2/build/calculator_2' returned '0': CMAKE_PREFIX_PATH=${CMAKE_PREFIX_PATH}:/opt/ros/jazzy DEBUGINFOD_URLS=https://debuginfod.ubuntu.com /usr/bin/cmake /home/rmcolin/ros2_ws/src/calculator_2 -DCMAKE_INSTALL_PREFIX=/home/rmcolin/ros2_ws/src/calculator_2/install/calculator_2
[6.077s] DEBUG:colcon.colcon_core.event_handler.log_command:Invoking command in '/home/rmcolin/ros2_ws/src/calculator_2/build/calculator_2': CMAKE_PREFIX_PATH=${CMAKE_PREFIX_PATH}:/opt/ros/jazzy DEBUGINFOD_URLS=https://debuginfod.ubuntu.com /usr/bin/cmake --build /home/rmcolin/ros2_ws/src/calculator_2/build/calculator_2 -- -j24 -l24
[10.255s] DEBUG:colcon.colcon_core.event_handler.log_command:Invoked command in '/home/rmcolin/ros2_ws/src/calculator_2/build/calculator_2' returned '0': CMAKE_PREFIX_PATH=${CMAKE_PREFIX_PATH}:/opt/ros/jazzy DEBUGINFOD_URLS=https://debuginfod.ubuntu.com /usr/bin/cmake --build /home/rmcolin/ros2_ws/src/calculator_2/build/calculator_2 -- -j24 -l24
[10.259s] DEBUG:colcon.colcon_core.event_handler.log_command:Invoking command in '/home/rmcolin/ros2_ws/src/calculator_2/build/calculator_2': CMAKE_PREFIX_PATH=${CMAKE_PREFIX_PATH}:/opt/ros/jazzy DEBUGINFOD_URLS=https://debuginfod.ubuntu.com /usr/bin/cmake --install /home/rmcolin/ros2_ws/src/calculator_2/build/calculator_2
[10.267s] Level 1:colcon.colcon_core.environment:create_environment_scripts_only(calculator_2)
[10.267s] DEBUG:colcon.colcon_core.event_handler.log_command:Invoked command in '/home/rmcolin/ros2_ws/src/calculator_2/build/calculator_2' returned '0': CMAKE_PREFIX_PATH=${CMAKE_PREFIX_PATH}:/opt/ros/jazzy DEBUGINFOD_URLS=https://debuginfod.ubuntu.com /usr/bin/cmake --install /home/rmcolin/ros2_ws/src/calculator_2/build/calculator_2
[10.269s] Level 1:colcon.colcon_core.environment:checking '/home/rmcolin/ros2_ws/src/calculator_2/install/calculator_2' for CMake module files
[10.269s] Level 1:colcon.colcon_core.environment:checking '/home/rmcolin/ros2_ws/src/calculator_2/install/calculator_2' for CMake config files
[10.269s] Level 1:colcon.colcon_core.shell:create_environment_hook('calculator_2', 'cmake_prefix_path')
[10.269s] INFO:colcon.colcon_core.shell:Creating environment hook '/home/rmcolin/ros2_ws/src/calculator_2/install/calculator_2/share/calculator_2/hook/cmake_prefix_path.ps1'
[10.270s] INFO:colcon.colcon_core.shell:Creating environment descriptor '/home/rmcolin/ros2_ws/src/calculator_2/install/calculator_2/share/calculator_2/hook/cmake_prefix_path.dsv'
[10.270s] INFO:colcon.colcon_core.shell:Creating environment hook '/home/rmcolin/ros2_ws/src/calculator_2/install/calculator_2/share/calculator_2/hook/cmake_prefix_path.sh'
[10.271s] Level 1:colcon.colcon_core.environment:checking '/home/rmcolin/ros2_ws/src/calculator_2/install/calculator_2/lib'
[10.271s] Level 1:colcon.colcon_core.environment:checking '/home/rmcolin/ros2_ws/src/calculator_2/install/calculator_2/bin'
[10.271s] Level 1:colcon.colcon_core.environment:checking '/home/rmcolin/ros2_ws/src/calculator_2/install/calculator_2/lib/pkgconfig/calculator_2.pc'
[10.271s] Level 1:colcon.colcon_core.environment:checking '/home/rmcolin/ros2_ws/src/calculator_2/install/calculator_2/lib/python3.12/site-packages'
[10.271s] Level 1:colcon.colcon_core.environment:checking '/home/rmcolin/ros2_ws/src/calculator_2/install/calculator_2/bin'
[10.272s] INFO:colcon.colcon_core.shell:Creating package script '/home/rmcolin/ros2_ws/src/calculator_2/install/calculator_2/share/calculator_2/package.ps1'
[10.272s] INFO:colcon.colcon_core.shell:Creating package descriptor '/home/rmcolin/ros2_ws/src/calculator_2/install/calculator_2/share/calculator_2/package.dsv'
[10.272s] INFO:colcon.colcon_core.shell:Creating package script '/home/rmcolin/ros2_ws/src/calculator_2/install/calculator_2/share/calculator_2/package.sh'
[10.272s] INFO:colcon.colcon_core.shell:Creating package script '/home/rmcolin/ros2_ws/src/calculator_2/install/calculator_2/share/calculator_2/package.bash'
[10.273s] INFO:colcon.colcon_core.shell:Creating package script '/home/rmcolin/ros2_ws/src/calculator_2/install/calculator_2/share/calculator_2/package.zsh'
[10.273s] Level 1:colcon.colcon_core.environment:create_file_with_runtime_dependencies(/home/rmcolin/ros2_ws/src/calculator_2/install/calculator_2/share/colcon-core/packages/calculator_2)
[10.273s] Level 1:colcon.colcon_core.environment:create_environment_scripts_only(calculator_2)
[10.273s] Level 1:colcon.colcon_core.environment:checking '/home/rmcolin/ros2_ws/src/calculator_2/install/calculator_2' for CMake module files
[10.273s] Level 1:colcon.colcon_core.environment:checking '/home/rmcolin/ros2_ws/src/calculator_2/install/calculator_2' for CMake config files
[10.274s] Level 1:colcon.colcon_core.shell:create_environment_hook('calculator_2', 'cmake_prefix_path')
[10.274s] INFO:colcon.colcon_core.shell:Creating environment hook '/home/rmcolin/ros2_ws/src/calculator_2/install/calculator_2/share/calculator_2/hook/cmake_prefix_path.ps1'
[10.274s] INFO:colcon.colcon_core.shell:Creating environment descriptor '/home/rmcolin/ros2_ws/src/calculator_2/install/calculator_2/share/calculator_2/hook/cmake_prefix_path.dsv'
[10.274s] INFO:colcon.colcon_core.shell:Creating environment hook '/home/rmcolin/ros2_ws/src/calculator_2/install/calculator_2/share/calculator_2/hook/cmake_prefix_path.sh'
[10.274s] Level 1:colcon.colcon_core.environment:checking '/home/rmcolin/ros2_ws/src/calculator_2/install/calculator_2/lib'
[10.274s] Level 1:colcon.colcon_core.environment:checking '/home/rmcolin/ros2_ws/src/calculator_2/install/calculator_2/bin'
[10.274s] Level 1:colcon.colcon_core.environment:checking '/home/rmcolin/ros2_ws/src/calculator_2/install/calculator_2/lib/pkgconfig/calculator_2.pc'
[10.275s] Level 1:colcon.colcon_core.environment:checking '/home/rmcolin/ros2_ws/src/calculator_2/install/calculator_2/lib/python3.12/site-packages'
[10.275s] Level 1:colcon.colcon_core.environment:checking '/home/rmcolin/ros2_ws/src/calculator_2/install/calculator_2/bin'
[10.275s] INFO:colcon.colcon_core.shell:Creating package script '/home/rmcolin/ros2_ws/src/calculator_2/install/calculator_2/share/calculator_2/package.ps1'
[10.275s] INFO:colcon.colcon_core.shell:Creating package descriptor '/home/rmcolin/ros2_ws/src/calculator_2/install/calculator_2/share/calculator_2/package.dsv'
[10.275s] INFO:colcon.colcon_core.shell:Creating package script '/home/rmcolin/ros2_ws/src/calculator_2/install/calculator_2/share/calculator_2/package.sh'
[10.276s] INFO:colcon.colcon_core.shell:Creating package script '/home/rmcolin/ros2_ws/src/calculator_2/install/calculator_2/share/calculator_2/package.bash'
[10.276s] INFO:colcon.colcon_core.shell:Creating package script '/home/rmcolin/ros2_ws/src/calculator_2/install/calculator_2/share/calculator_2/package.zsh'
[10.276s] Level 1:colcon.colcon_core.environment:create_file_with_runtime_dependencies(/home/rmcolin/ros2_ws/src/calculator_2/install/calculator_2/share/colcon-core/packages/calculator_2)
[10.276s] DEBUG:colcon.colcon_parallel_executor.executor.parallel:closing loop
[10.277s] DEBUG:colcon.colcon_parallel_executor.executor.parallel:loop closed
[10.277s] DEBUG:colcon.colcon_parallel_executor.executor.parallel:run_until_complete finished with '0'
[10.277s] DEBUG:colcon.colcon_core.event_reactor:joining thread
[10.351s] INFO:colcon.colcon_core.plugin_system:Skipping extension 'colcon_notification.desktop_notification.notify_send': Could not find 'notify-send'
[10.351s] INFO:colcon.colcon_core.plugin_system:Skipping extension 'colcon_notification.desktop_notification.terminal_notifier': Not used on non-Darwin systems
[10.351s] INFO:colcon.colcon_core.plugin_system:Skipping extension 'colcon_notification.desktop_notification.win32': Not used on non-Windows systems
[10.351s] INFO:colcon.colcon_notification.desktop_notification:Sending desktop notification using 'notify2'
[10.352s] DEBUG:colcon.colcon_notification.desktop_notification.notify2:Failed to initialize notify2: org.freedesktop.DBus.Error.ServiceUnknown: The name org.freedesktop.Notifications was not provided by any .service files
[10.352s] DEBUG:colcon.colcon_core.event_reactor:joined thread
[10.352s] INFO:colcon.colcon_core.shell:Creating prefix script '/home/rmcolin/ros2_ws/src/calculator_2/install/local_setup.ps1'
[10.353s] INFO:colcon.colcon_core.shell:Creating prefix util module '/home/rmcolin/ros2_ws/src/calculator_2/install/_local_setup_util_ps1.py'
[10.353s] INFO:colcon.colcon_core.shell:Creating prefix chain script '/home/rmcolin/ros2_ws/src/calculator_2/install/setup.ps1'
[10.353s] INFO:colcon.colcon_core.shell:Creating prefix script '/home/rmcolin/ros2_ws/src/calculator_2/install/local_setup.sh'
[10.354s] INFO:colcon.colcon_core.shell:Creating prefix util module '/home/rmcolin/ros2_ws/src/calculator_2/install/_local_setup_util_sh.py'
[10.354s] INFO:colcon.colcon_core.shell:Creating prefix chain script '/home/rmcolin/ros2_ws/src/calculator_2/install/setup.sh'
[10.354s] INFO:colcon.colcon_core.shell:Creating prefix script '/home/rmcolin/ros2_ws/src/calculator_2/install/local_setup.bash'
[10.354s] INFO:colcon.colcon_core.shell:Creating prefix chain script '/home/rmcolin/ros2_ws/src/calculator_2/install/setup.bash'
[10.355s] INFO:colcon.colcon_core.shell:Creating prefix script '/home/rmcolin/ros2_ws/src/calculator_2/install/local_setup.zsh'
[10.355s] INFO:colcon.colcon_core.shell:Creating prefix chain script '/home/rmcolin/ros2_ws/src/calculator_2/install/setup.zsh'
