[ 25%] [32mBuilding CXX object CMakeFiles/calculator_subscriber.dir/src/calculator_subscriber.cpp.o[0m
[ 50%] [32mBuilding CXX object CMakeFiles/calculator_publisher.dir/src/calculator_publisher.cpp.o[0m
[ 75%] [32m[1mLinking CXX executable calculator_publisher[0m
[ 75%] Built target calculator_publisher
[100%] [32m[1mLinking CXX executable calculator_subscriber[0m
[100%] Built target calculator_subscriber
-- Install configuration: ""
-- Installing: /home/rmcolin/ros2_ws/src/calculator_2/install/calculator_2/lib/calculator_2/calculator_publisher
-- Set non-toolchain portion of runtime path of "/home/rmcolin/ros2_ws/src/calculator_2/install/calculator_2/lib/calculator_2/calculator_publisher" to ""
-- Installing: /home/rmcolin/ros2_ws/src/calculator_2/install/calculator_2/lib/calculator_2/calculator_subscriber
-- Set non-toolchain portion of runtime path of "/home/rmcolin/ros2_ws/src/calculator_2/install/calculator_2/lib/calculator_2/calculator_subscriber" to ""
-- Up-to-date: /home/rmcolin/ros2_ws/src/calculator_2/install/calculator_2/share/ament_index/resource_index/package_run_dependencies/calculator_2
-- Up-to-date: /home/rmcolin/ros2_ws/src/calculator_2/install/calculator_2/share/ament_index/resource_index/parent_prefix_path/calculator_2
-- Up-to-date: /home/rmcolin/ros2_ws/src/calculator_2/install/calculator_2/share/calculator_2/environment/ament_prefix_path.sh
-- Up-to-date: /home/rmcolin/ros2_ws/src/calculator_2/install/calculator_2/share/calculator_2/environment/ament_prefix_path.dsv
-- Up-to-date: /home/rmcolin/ros2_ws/src/calculator_2/install/calculator_2/share/calculator_2/environment/path.sh
-- Up-to-date: /home/rmcolin/ros2_ws/src/calculator_2/install/calculator_2/share/calculator_2/environment/path.dsv
-- Up-to-date: /home/rmcolin/ros2_ws/src/calculator_2/install/calculator_2/share/calculator_2/local_setup.bash
-- Up-to-date: /home/rmcolin/ros2_ws/src/calculator_2/install/calculator_2/share/calculator_2/local_setup.sh
-- Up-to-date: /home/rmcolin/ros2_ws/src/calculator_2/install/calculator_2/share/calculator_2/local_setup.zsh
-- Up-to-date: /home/rmcolin/ros2_ws/src/calculator_2/install/calculator_2/share/calculator_2/local_setup.dsv
-- Installing: /home/rmcolin/ros2_ws/src/calculator_2/install/calculator_2/share/calculator_2/package.dsv
-- Up-to-date: /home/rmcolin/ros2_ws/src/calculator_2/install/calculator_2/share/ament_index/resource_index/packages/calculator_2
-- Up-to-date: /home/rmcolin/ros2_ws/src/calculator_2/install/calculator_2/share/calculator_2/cmake/calculator_2Config.cmake
-- Up-to-date: /home/rmcolin/ros2_ws/src/calculator_2/install/calculator_2/share/calculator_2/cmake/calculator_2Config-version.cmake
-- Up-to-date: /home/rmcolin/ros2_ws/src/calculator_2/install/calculator_2/share/calculator_2/package.xml
